[COMMAND] 02:12:06 Zach: /tele 220 445
[COMMAND] 02:12:06 Teleporting Zach from 213,441 to 220,445
[COMMAND] 02:12:42 Zach: /kick 1
[COMMAND] 02:12:42 'Zach' kicked other player 'Zlacki'
[COMMAND] 02:12:49 Zach: /kick zlacki
[COMMAND] 02:12:49 'Zach' kicked other player 'Zlacki'
[COMMAND] 02:12:51 [COMMAND] Zach sent invalid command: /kickzl
[COMMAND] 02:13:00 Zach: /tele 220 445
[COMMAND] 02:13:00 Teleporting Zach from 218,447 to 220,445
[COMMAND] 02:13:06 Zach: /tele 219 445
[COMMAND] 02:13:06 Teleporting Zach from 220,445 to 219,445
[COMMAND] 02:13:10 Zach: /summon zlacki
[COMMAND] 02:13:10 Summoning 'Zlacki' from 216,444 to 'Zach' at 219,445
[COMMAND] 02:13:16 Zach: /goto zlacki
[COMMAND] 02:13:16 Teleporting 'Zach' from 215,445 to 'Zlacki' at 219,445
[COMMAND] 02:13:22 Zach: /summon zlacki
[COMMAND] 02:13:22 Summoning 'Zlacki' from 219,445 to 'Zach' at 214,444
[COMMAND] 02:13:25 Zach: /dobj 218 442
[COMMAND] 02:13:25 'Zach' deleted object{id: 54; dir:0} at 218,442
[COMMAND] 02:13:31 Zach: /object 11
[COMMAND] 02:13:31 'Zach' spawned new object{id: 11; dir:0} at 216,444
[COMMAND] 02:13:35 Zach: /object 11 southeast
[COMMAND] 02:13:35 'Zach' spawned new object{id: 11; dir:5} at 219,444
[COMMAND] 02:13:39 Zach: /dobj 219 444
[COMMAND] 02:13:39 'Zach' deleted object{id: 11; dir:5} at 219,444
[COMMAND] 02:13:41 Zach: /dobj 216 444
[COMMAND] 02:13:41 'Zach' deleted object{id: 11; dir:0} at 216,444
[COMMAND] 02:15:11 Zach: /kick zl
[COMMAND] 02:15:29 Zlacki: /say testing
[COMMAND] 02:15:32 Zach: /say testing
[COMMAND] 02:15:41 Zach: /say testing
[COMMAND] 02:15:45 Zach: /kick 1
[COMMAND] 02:15:45 'Zach' kicked other player 'Zlacki'
